This is pdfTeX, Version 3.14159265-2.6-1.40.16 (TeX Live 2015) (preloaded format=pdflatex 2015.5.24)  9 SEP 2018 21:33
entering extended mode
 \write18 enabled.
 file:line:error style messages enabled.
 %&-line parsing enabled.
**homework0.tex
(./homework0.tex
LaTeX2e <2015/01/01>
Babel <3.9l> and hyphenation patterns for 79 languages loaded.
(./homework.cls (/usr/local/texlive/2015/texmf-dist/tex/latex/base/article.cls
Document Class: article 2014/09/29 v1.4h Standard LaTeX document class
(/usr/local/texlive/2015/texmf-dist/tex/latex/base/size12.clo
File: size12.clo 2014/09/29 v1.4h Standard LaTeX file (size option)
)
\c@part=\count79
\c@section=\count80
\c@subsection=\count81
\c@subsubsection=\count82
\c@paragraph=\count83
\c@subparagraph=\count84
\c@figure=\count85
\c@table=\count86
\abovecaptionskip=\skip41
\belowcaptionskip=\skip42
\bibindent=\dimen102
)
Document Class: homework 
(/usr/local/texlive/2015/texmf-dist/tex/latex/base/ifthen.sty
Package: ifthen 2014/09/29 v1.1c Standard LaTeX ifthen package (DPC)
)
(/usr/local/texlive/2015/texmf-dist/tex/latex/fancyhdr/fancyhdr.sty
\fancy@headwidth=\skip43
\f@ncyO@elh=\skip44
\f@ncyO@erh=\skip45
\f@ncyO@olh=\skip46
\f@ncyO@orh=\skip47
\f@ncyO@elf=\skip48
\f@ncyO@erf=\skip49
\f@ncyO@olf=\skip50
\f@ncyO@orf=\skip51
)
(/usr/local/texlive/2015/texmf-dist/tex/latex/amsmath/amsmath.sty
Package: amsmath 2013/01/14 v2.14 AMS math features
\@mathmargin=\skip52

For additional information on amsmath, use the `?' option.
(/usr/local/texlive/2015/texmf-dist/tex/latex/amsmath/amstext.sty
Package: amstext 2000/06/29 v2.01

(/usr/local/texlive/2015/texmf-dist/tex/latex/amsmath/amsgen.sty
File: amsgen.sty 1999/11/30 v2.0
\@emptytoks=\toks14
\ex@=\dimen103
))
(/usr/local/texlive/2015/texmf-dist/tex/latex/amsmath/amsbsy.sty
Package: amsbsy 1999/11/29 v1.2d
\pmbraise@=\dimen104
)
(/usr/local/texlive/2015/texmf-dist/tex/latex/amsmath/amsopn.sty
Package: amsopn 1999/12/14 v2.01 operator names
)
\inf@bad=\count87
LaTeX Info: Redefining \frac on input line 210.
\uproot@=\count88
\leftroot@=\count89
LaTeX Info: Redefining \overline on input line 306.
\classnum@=\count90
\DOTSCASE@=\count91
LaTeX Info: Redefining \ldots on input line 378.
LaTeX Info: Redefining \dots on input line 381.
LaTeX Info: Redefining \cdots on input line 466.
\Mathstrutbox@=\box26
\strutbox@=\box27
\big@size=\dimen105
LaTeX Font Info:    Redeclaring font encoding OML on input line 566.
LaTeX Font Info:    Redeclaring font encoding OMS on input line 567.
\macc@depth=\count92
\c@MaxMatrixCols=\count93
\dotsspace@=\muskip10
\c@parentequation=\count94
\dspbrk@lvl=\count95
\tag@help=\toks15
\row@=\count96
\column@=\count97
\maxfields@=\count98
\andhelp@=\toks16
\eqnshift@=\dimen106
\alignsep@=\dimen107
\tagshift@=\dimen108
\tagwidth@=\dimen109
\totwidth@=\dimen110
\lineht@=\dimen111
\@envbody=\toks17
\multlinegap=\skip53
\multlinetaggap=\skip54
\mathdisplay@stack=\toks18
LaTeX Info: Redefining \[ on input line 2665.
LaTeX Info: Redefining \] on input line 2666.
)
(/usr/local/texlive/2015/texmf-dist/tex/latex/amscls/amsthm.sty
Package: amsthm 2015/03/04 v2.20.2
\thm@style=\toks19
\thm@bodyfont=\toks20
\thm@headfont=\toks21
\thm@notefont=\toks22
\thm@headpunct=\toks23
\thm@preskip=\skip55
\thm@postskip=\skip56
\thm@headsep=\skip57
\dth@everypar=\toks24
)
(/usr/local/texlive/2015/texmf-dist/tex/latex/amsfonts/amsfonts.sty
Package: amsfonts 2013/01/14 v3.01 Basic AMSFonts support
\symAMSa=\mathgroup4
\symAMSb=\mathgroup5
LaTeX Font Info:    Overwriting math alphabet `\mathfrak' in version `bold'
(Font)                  U/euf/m/n --> U/euf/b/n on input line 106.
)
(/usr/local/texlive/2015/texmf-dist/tex/latex/amsfonts/amssymb.sty
Package: amssymb 2013/01/14 v3.01 AMS font symbols
)
(/usr/local/texlive/2015/texmf-dist/tex/latex/geometry/geometry.sty
Package: geometry 2010/09/12 v5.6 Page Geometry

(/usr/local/texlive/2015/texmf-dist/tex/latex/graphics/keyval.sty
Package: keyval 2014/10/28 v1.15 key=value parser (DPC)
\KV@toks@=\toks25
)
(/usr/local/texlive/2015/texmf-dist/tex/generic/oberdiek/ifpdf.sty
Package: ifpdf 2011/01/30 v2.3 Provides the ifpdf switch (HO)
Package ifpdf Info: pdfTeX in PDF mode is detected.
)
(/usr/local/texlive/2015/texmf-dist/tex/generic/oberdiek/ifvtex.sty
Package: ifvtex 2010/03/01 v1.5 Detect VTeX and its facilities (HO)
Package ifvtex Info: VTeX not detected.
)
(/usr/local/texlive/2015/texmf-dist/tex/generic/ifxetex/ifxetex.sty
Package: ifxetex 2010/09/12 v0.6 Provides ifxetex conditional
)
\Gm@cnth=\count99
\Gm@cntv=\count100
\c@Gm@tempcnt=\count101
\Gm@bindingoffset=\dimen112
\Gm@wd@mp=\dimen113
\Gm@odd@mp=\dimen114
\Gm@even@mp=\dimen115
\Gm@layoutwidth=\dimen116
\Gm@layoutheight=\dimen117
\Gm@layouthoffset=\dimen118
\Gm@layoutvoffset=\dimen119
\Gm@dimlist=\toks26
)
\c@theorem=\count102
\c@corollary=\count103
\c@lemma=\count104
\c@proposition=\count105
\c@conjecture=\count106
\c@claim=\count107
\c@defn=\count108
\c@property=\count109
\c@example=\count110
\c@remark=\count111
\c@begin=\count112
\c@emptypages=\count113
\c@sum=\count114
)
(/usr/local/texlive/2015/texmf-dist/tex/latex/listings/listings.sty
\lst@mode=\count115
\lst@gtempboxa=\box28
\lst@token=\toks27
\lst@length=\count116
\lst@currlwidth=\dimen120
\lst@column=\count117
\lst@pos=\count118
\lst@lostspace=\dimen121
\lst@width=\dimen122
\lst@newlines=\count119
\lst@lineno=\count120
\lst@maxwidth=\dimen123

(/usr/local/texlive/2015/texmf-dist/tex/latex/listings/lstmisc.sty
File: lstmisc.sty 2014/09/06 1.5e (Carsten Heinz)
\c@lstnumber=\count121
\lst@skipnumbers=\count122
\lst@framebox=\box29
)
(/usr/local/texlive/2015/texmf-dist/tex/latex/listings/listings.cfg
File: listings.cfg 2014/09/06 1.5e listings configuration
))
Package: listings 2014/09/06 1.5e (Carsten Heinz)

(/usr/local/texlive/2015/texmf-dist/tex/latex/xcolor/xcolor.sty
Package: xcolor 2007/01/21 v2.11 LaTeX color extensions (UK)

(/usr/local/texlive/2015/texmf-dist/tex/latex/latexconfig/color.cfg
File: color.cfg 2007/01/18 v1.5 color configuration of teTeX/TeXLive
)
Package xcolor Info: Driver file: pdftex.def on input line 225.

(/usr/local/texlive/2015/texmf-dist/tex/latex/pdftex-def/pdftex.def
File: pdftex.def 2011/05/27 v0.06d Graphics/color for pdfTeX

(/usr/local/texlive/2015/texmf-dist/tex/generic/oberdiek/infwarerr.sty
Package: infwarerr 2010/04/08 v1.3 Providing info/warning/error messages (HO)
)
(/usr/local/texlive/2015/texmf-dist/tex/generic/oberdiek/ltxcmds.sty
Package: ltxcmds 2011/11/09 v1.22 LaTeX kernel commands for general use (HO)
)
\Gread@gobject=\count123
)
Package xcolor Info: Model `cmy' substituted by `cmy0' on input line 1337.
Package xcolor Info: Model `hsb' substituted by `rgb' on input line 1341.
Package xcolor Info: Model `RGB' extended on input line 1353.
Package xcolor Info: Model `HTML' substituted by `rgb' on input line 1355.
Package xcolor Info: Model `Hsb' substituted by `hsb' on input line 1356.
Package xcolor Info: Model `tHsb' substituted by `hsb' on input line 1357.
Package xcolor Info: Model `HSB' substituted by `hsb' on input line 1358.
Package xcolor Info: Model `Gray' substituted by `gray' on input line 1359.
Package xcolor Info: Model `wave' substituted by `hsb' on input line 1360.
)
(/usr/local/texlive/2015/texmf-dist/tex/latex/graphics/graphicx.sty
Package: graphicx 2014/10/28 v1.0g Enhanced LaTeX Graphics (DPC,SPQR)

(/usr/local/texlive/2015/texmf-dist/tex/latex/graphics/graphics.sty
Package: graphics 2014/10/28 v1.0p Standard LaTeX Graphics (DPC,SPQR)

(/usr/local/texlive/2015/texmf-dist/tex/latex/graphics/trig.sty
Package: trig 1999/03/16 v1.09 sin cos tan (DPC)
)
(/usr/local/texlive/2015/texmf-dist/tex/latex/latexconfig/graphics.cfg
File: graphics.cfg 2010/04/23 v1.9 graphics configuration of TeX Live
)
Package graphics Info: Driver file: pdftex.def on input line 94.
)
\Gin@req@height=\dimen124
\Gin@req@width=\dimen125
)
(./homework0.aux)
\openout1 = `homework0.aux'.

LaTeX Font Info:    Checking defaults for OML/cmm/m/it on input line 14.
LaTeX Font Info:    ... okay on input line 14.
LaTeX Font Info:    Checking defaults for T1/cmr/m/n on input line 14.
LaTeX Font Info:    ... okay on input line 14.
LaTeX Font Info:    Checking defaults for OT1/cmr/m/n on input line 14.
LaTeX Font Info:    ... okay on input line 14.
LaTeX Font Info:    Checking defaults for OMS/cmsy/m/n on input line 14.
LaTeX Font Info:    ... okay on input line 14.
LaTeX Font Info:    Checking defaults for OMX/cmex/m/n on input line 14.
LaTeX Font Info:    ... okay on input line 14.
LaTeX Font Info:    Checking defaults for U/cmr/m/n on input line 14.
LaTeX Font Info:    ... okay on input line 14.

*geometry* driver: auto-detecting
*geometry* detected driver: pdftex
*geometry* verbose mode - [ preamble ] result:
* driver: pdftex
* paper: letterpaper
* layout: <same size as paper>
* layoutoffset:(h,v)=(0.0pt,0.0pt)
* modes: twoside 
* h-part:(L,W,R)=(72.26999pt, 469.75502pt, 72.26999pt)
* v-part:(T,H,B)=(72.26999pt, 650.43001pt, 72.26999pt)
* \paperwidth=614.295pt
* \paperheight=794.96999pt
* \textwidth=469.75502pt
* \textheight=650.43001pt
* \oddsidemargin=0.0pt
* \evensidemargin=0.0pt
* \topmargin=-37.0pt
* \headheight=12.0pt
* \headsep=25.0pt
* \topskip=12.0pt
* \footskip=30.0pt
* \marginparwidth=44.0pt
* \marginparsep=10.0pt
* \columnsep=10.0pt
* \skip\footins=10.8pt plus 4.0pt minus 2.0pt
* \hoffset=0.0pt
* \voffset=0.0pt
* \mag=1000
* \@twocolumnfalse
* \@twosidetrue
* \@mparswitchtrue
* \@reversemarginfalse
* (1in=72.27pt=25.4mm, 1cm=28.453pt)

\c@lstlisting=\count124
(/usr/local/texlive/2015/texmf-dist/tex/context/base/supp-pdf.mkii
[Loading MPS to PDF converter (version 2006.09.02).]
\scratchcounter=\count125
\scratchdimen=\dimen126
\scratchbox=\box30
\nofMPsegments=\count126
\nofMParguments=\count127
\everyMPshowfont=\toks28
\MPscratchCnt=\count128
\MPscratchDim=\dimen127
\MPnumerator=\count129
\makeMPintoPDFobject=\count130
\everyMPtoPDFconversion=\toks29
) (/usr/local/texlive/2015/texmf-dist/tex/generic/oberdiek/pdftexcmds.sty
Package: pdftexcmds 2011/11/29 v0.20 Utility functions of pdfTeX for LuaTeX (HO
)

(/usr/local/texlive/2015/texmf-dist/tex/generic/oberdiek/ifluatex.sty
Package: ifluatex 2010/03/01 v1.3 Provides the ifluatex switch (HO)
Package ifluatex Info: LuaTeX not detected.
)
Package pdftexcmds Info: LuaTeX not detected.
Package pdftexcmds Info: \pdf@primitive is available.
Package pdftexcmds Info: \pdf@ifprimitive is available.
Package pdftexcmds Info: \pdfdraftmode found.
)
(/usr/local/texlive/2015/texmf-dist/tex/latex/oberdiek/epstopdf-base.sty
Package: epstopdf-base 2010/02/09 v2.5 Base part for package epstopdf

(/usr/local/texlive/2015/texmf-dist/tex/latex/oberdiek/grfext.sty
Package: grfext 2010/08/19 v1.1 Manage graphics extensions (HO)

(/usr/local/texlive/2015/texmf-dist/tex/generic/oberdiek/kvdefinekeys.sty
Package: kvdefinekeys 2011/04/07 v1.3 Define keys (HO)
))
(/usr/local/texlive/2015/texmf-dist/tex/latex/oberdiek/kvoptions.sty
Package: kvoptions 2011/06/30 v3.11 Key value format for package options (HO)

(/usr/local/texlive/2015/texmf-dist/tex/generic/oberdiek/kvsetkeys.sty
Package: kvsetkeys 2012/04/25 v1.16 Key value parser (HO)

(/usr/local/texlive/2015/texmf-dist/tex/generic/oberdiek/etexcmds.sty
Package: etexcmds 2011/02/16 v1.5 Avoid name clashes with e-TeX commands (HO)
Package etexcmds Info: Could not find \expanded.
(etexcmds)             That can mean that you are not using pdfTeX 1.50 or
(etexcmds)             that some package has redefined \expanded.
(etexcmds)             In the latter case, load this package earlier.
)))
Package grfext Info: Graphics extension search list:
(grfext)             [.png,.pdf,.jpg,.mps,.jpeg,.jbig2,.jb2,.PNG,.PDF,.JPG,.JPE
G,.JBIG2,.JB2,.eps]
(grfext)             \AppendGraphicsExtensions on input line 452.

(/usr/local/texlive/2015/texmf-dist/tex/latex/latexconfig/epstopdf-sys.cfg
File: epstopdf-sys.cfg 2010/07/13 v1.3 Configuration of (r)epstopdf for TeX Liv
e
))
LaTeX Font Info:    Try loading font information for U+msa on input line 15.

(/usr/local/texlive/2015/texmf-dist/tex/latex/amsfonts/umsa.fd
File: umsa.fd 2013/01/14 v3.01 AMS symbols A
)
LaTeX Font Info:    Try loading font information for U+msb on input line 15.

(/usr/local/texlive/2015/texmf-dist/tex/latex/amsfonts/umsb.fd
File: umsb.fd 2013/01/14 v3.01 AMS symbols B
)
Missing character: There is no Ù in font cmr12!
Missing character: There is no è in font cmr12!
Missing character: There is no ∞ in font cmr12!
Missing character: There is no Å in font cmr12!
Missing character: There is no Ù in font cmr12!
Missing character: There is no è in font cmr12!
Missing character: There is no ∞ in font cmr12!
Missing character: There is no Å in font cmr12!
Missing character: There is no Ù in font cmr12!
Missing character: There is no è in font cmr12!
Missing character: There is no ∞ in font cmr12!
Missing character: There is no Å in font cmr12!
Missing character: There is no Ù in font cmr12!
Missing character: There is no è in font cmr12!
Missing character: There is no ∞ in font cmr12!
Missing character: There is no Å in font cmr12!
Missing character: There is no Ù in font cmr12!
Missing character: There is no è in font cmr12!
Missing character: There is no ∞ in font cmr12!
Missing character: There is no Å in font cmr12!
 [1

{/usr/local/texlive/2015/texmf-var/fonts/map/pdftex/updmap/pdftex.map}]
Missing character: There is no Ù in font cmr12!
Missing character: There is no è in font cmr12!
Missing character: There is no ∞ in font cmr12!
Missing character: There is no Å in font cmr12!
Missing character: There is no Ù in font cmr12!
Missing character: There is no è in font cmr12!
Missing character: There is no ∞ in font cmr12!
Missing character: There is no Å in font cmr12!
Missing character: There is no Ù in font cmr12!
Missing character: There is no è in font cmr12!
Missing character: There is no ∞ in font cmr12!
Missing character: There is no Å in font cmr12!
Missing character: There is no Ù in font cmr12!
Missing character: There is no è in font cmr12!
Missing character: There is no ∞ in font cmr12!
Missing character: There is no Å in font cmr12!
Missing character: There is no Ù in font cmr12!
Missing character: There is no è in font cmr12!
Missing character: There is no ∞ in font cmr12!
Missing character: There is no Å in font cmr12!
Missing character: There is no Ù in font cmr12!
Missing character: There is no è in font cmr12!
Missing character: There is no ∞ in font cmr12!
Missing character: There is no Å in font cmr12!
Missing character: There is no Ù in font cmr12!
Missing character: There is no è in font cmr12!
Missing character: There is no ∞ in font cmr12!
Missing character: There is no Å in font cmr12!
Missing character: There is no Ù in font cmr12!
Missing character: There is no è in font cmr12!
Missing character: There is no ∞ in font cmr12!
Missing character: There is no Å in font cmr12!
Missing character: There is no Ù in font cmr12!
Missing character: There is no è in font cmr12!
Missing character: There is no ∞ in font cmr12!
Missing character: There is no Å in font cmr12!
Missing character: There is no Ù in font cmr12!
Missing character: There is no è in font cmr12!
Missing character: There is no ∞ in font cmr12!
Missing character: There is no Å in font cmr12!
Missing character: There is no Ù in font cmr12!
Missing character: There is no è in font cmr12!
Missing character: There is no ∞ in font cmr12!
Missing character: There is no Å in font cmr12!
Missing character: There is no Ù in font cmr12!
Missing character: There is no è in font cmr12!
Missing character: There is no ∞ in font cmr12!
Missing character: There is no Å in font cmr12!
Missing character: There is no Ù in font cmr12!
Missing character: There is no è in font cmr12!
Missing character: There is no ∞ in font cmr12!
Missing character: There is no Å in font cmr12!
Missing character: There is no Ù in font cmr12!
Missing character: There is no è in font cmr12!
Missing character: There is no ∞ in font cmr12!
Missing character: There is no Å in font cmr12!
Missing character: There is no Ù in font cmr12!
Missing character: There is no è in font cmr12!
Missing character: There is no ∞ in font cmr12!
Missing character: There is no Å in font cmr12!
Missing character: There is no Ù in font cmr12!
Missing character: There is no è in font cmr12!
Missing character: There is no ∞ in font cmr12!
Missing character: There is no Å in font cmr12!
Missing character: There is no Ù in font cmr12!
Missing character: There is no è in font cmr12!
Missing character: There is no ∞ in font cmr12!
Missing character: There is no Å in font cmr12!
Missing character: There is no Ù in font cmr12!
Missing character: There is no è in font cmr12!
Missing character: There is no ∞ in font cmr12!
Missing character: There is no Å in font cmr12!


Package amsmath Warning: Foreign command \atopwithdelims;
(amsmath)                \frac or \genfrac should be used instead
(amsmath)                 on input line 133.

Missing character: There is no Ù in font cmr12!
Missing character: There is no è in font cmr12!
Missing character: There is no ∞ in font cmr12!
Missing character: There is no Å in font cmr12!
./homework0.tex:148: You can't use `\eqno' in math mode.
\endmathdisplay@a ...\df@tag \@empty \else \veqno 
                                                  \alt@tag \df@tag \fi \ifx ...
l.148 \end{equation}
                    
? s
OK, entering \scrollmode...
./homework0.tex:148: Missing \right. inserted.
<inserted text> 
                \right .
l.148 \end{equation}
                    
I've inserted something that you may have forgotten.
(See the <inserted text> above.)
With luck, this will get me unwedged. But if you
really didn't forget anything, try typing `2' now; then
my insertion and my current dilemma will both disappear.


Overfull \hbox (21.09682pt too wide) detected at line 148
[] [] \OMS/cmsy/m/n/12 j\OT1/cmr/m/n/12 2\OML/cmm/m/it/12 i \OMS/cmsy/m/n/12 ^^
@ \OML/cmm/m/it/12 n\OMS/cmsy/m/n/12 j \OT1/cmr/m/n/12 = []
 []


Package Fancyhdr Warning: \headheight is too small (12.0pt): 
 Make it at least 14.49998pt.
 We now make it that large for the rest of the document.
 This may cause the page layout to be inconsistent, however.

[2]
Missing character: There is no Ù in font cmr12!
Missing character: There is no è in font cmr12!
Missing character: There is no ∞ in font cmr12!
Missing character: There is no Å in font cmr12!
Missing character: There is no Ù in font cmr12!
Missing character: There is no è in font cmr12!
Missing character: There is no ∞ in font cmr12!
Missing character: There is no Å in font cmr12!
Missing character: There is no Ù in font cmr12!
Missing character: There is no è in font cmr12!
Missing character: There is no ∞ in font cmr12!
Missing character: There is no Å in font cmr12!

./homework0.tex:180: Missing delimiter (. inserted).
<to be read again> 
                   \gdef 
l.180 \label
            {E5}
I was expecting to see something like `(' or `\{' or
`\}' here. If you typed, e.g., `{' instead of `\{', you
should probably delete the `{' by typing `1' now, so that
braces don't get unbalanced. Otherwise just proceed.
Acceptable delimiters are characters whose \delcode is
nonnegative, or you can use `\delimiter <delimiter code>'.

Missing character: There is no Ù in font cmr12!
Missing character: There is no è in font cmr12!
Missing character: There is no ∞ in font cmr12!
Missing character: There is no Å in font cmr12!
Missing character: There is no Ù in font cmr12!
Missing character: There is no è in font cmr12!
Missing character: There is no ∞ in font cmr12!
Missing character: There is no Å in font cmr12!
Missing character: There is no Ù in font cmr12!
Missing character: There is no è in font cmr12!
Missing character: There is no ∞ in font cmr12!
Missing character: There is no Å in font cmr12!
Missing character: There is no Ù in font cmr12!
Missing character: There is no è in font cmr12!
Missing character: There is no ∞ in font cmr12!
Missing character: There is no Å in font cmr12!
Missing character: There is no Ù in font cmr12!
Missing character: There is no è in font cmr12!
Missing character: There is no ∞ in font cmr12!
Missing character: There is no Å in font cmr12!
[3]
./homework0.tex:261: Missing } inserted.
<inserted text> 
                }
l.261 ...onding eigenvector of matrix $\bf{A^{T}A$
                                                  .
I've inserted something that you may have forgotten.
(See the <inserted text> above.)
With luck, this will get me unwedged. But if you
really didn't forget anything, try typing `2' now; then
my insertion and my current dilemma will both disappear.

[4] [5]
Package epstopdf Info: Source file: <hist1.eps>
(epstopdf)                    date: 2018-09-08 14:15:55
(epstopdf)                    size: 14097 bytes
(epstopdf)             Output file: <hist1-eps-converted-to.pdf>
(epstopdf)                    date: 2018-09-08 14:16:30
(epstopdf)                    size: 8962 bytes
(epstopdf)             Command: <epstopdf --outfile=hist1-eps-converted-to.pdf 
hist1.eps>
(epstopdf)             \includegraphics on input line 370.
Package epstopdf Info: Output file is already uptodate.
 <hist1-eps-converted-to.pdf, id=33, 433.62pt x 289.08pt>
File: hist1-eps-converted-to.pdf Graphic file (type pdf)

<use hist1-eps-converted-to.pdf>
Package pdftex.def Info: hist1-eps-converted-to.pdf used on input line 370.
(pdftex.def)             Requested size: 303.53192pt x 202.35461pt.


./homework0.tex:376: LaTeX Error: Environment colorboxed undefined.

See the LaTeX manual or LaTeX Companion for explanation.
Type  H <return>  for immediate help.
 ...                                              
                                                  
l.376 \begin{colorboxed}
                        
Your command was ignored.
Type  I <command> <return>  to replace it with another command,
or  <return>  to continue without it.

(/usr/local/texlive/2015/texmf-dist/tex/latex/listings/lstlang1.sty
File: lstlang1.sty 2014/09/06 1.5e listings language file
)
(/usr/local/texlive/2015/texmf-dist/tex/latex/listings/lstmisc.sty
File: lstmisc.sty 2014/09/06 1.5e (Carsten Heinz)
) [6 <./hist1-eps-converted-to.pdf>]

./homework0.tex:400: LaTeX Error: \begin{document} ended by \end{colorboxed}.

See the LaTeX manual or LaTeX Companion for explanation.
Type  H <return>  for immediate help.
 ...                                              
                                                  
l.400 \end{colorboxed}
                      
Your command was ignored.
Type  I <command> <return>  to replace it with another command,
or  <return>  to continue without it.

Package epstopdf Info: Source file: <hist2.eps>
(epstopdf)                    date: 2018-09-08 14:23:42
(epstopdf)                    size: 20103 bytes
(epstopdf)             Output file: <hist2-eps-converted-to.pdf>
(epstopdf)                    date: 2018-09-08 14:26:41
(epstopdf)                    size: 9116 bytes
(epstopdf)             Command: <epstopdf --outfile=hist2-eps-converted-to.pdf 
hist2.eps>
(epstopdf)             \includegraphics on input line 408.
Package epstopdf Info: Output file is already uptodate.
<hist2-eps-converted-to.pdf, id=54, 433.62pt x 289.08pt>
File: hist2-eps-converted-to.pdf Graphic file (type pdf)

<use hist2-eps-converted-to.pdf>
Package pdftex.def Info: hist2-eps-converted-to.pdf used on input line 408.
(pdftex.def)             Requested size: 433.61894pt x 289.07928pt.
 [7 <./hist2-eps-converted-to.pdf>]
Package epstopdf Info: Source file: <fig3.eps>
(epstopdf)                    date: 2018-09-08 14:50:32
(epstopdf)                    size: 143031 bytes
(epstopdf)             Output file: <fig3-eps-converted-to.pdf>
(epstopdf)                    date: 2018-09-08 14:51:53
(epstopdf)                    size: 33131 bytes
(epstopdf)             Command: <epstopdf --outfile=fig3-eps-converted-to.pdf f
ig3.eps>
(epstopdf)             \includegraphics on input line 421.
Package epstopdf Info: Output file is already uptodate.

<fig3-eps-converted-to.pdf, id=76, 361.35pt x 361.35pt>
File: fig3-eps-converted-to.pdf Graphic file (type pdf)

<use fig3-eps-converted-to.pdf>
Package pdftex.def Info: fig3-eps-converted-to.pdf used on input line 421.
(pdftex.def)             Requested size: 361.34912pt x 361.34912pt.

./homework0.tex:429: Missing } inserted.
<inserted text> 
                }
l.429 ...trix $\bf{L}$, the set of vectors $\bf{r$
                                                   which originally have ran...
I've inserted something that you may have forgotten.
(See the <inserted text> above.)
With luck, this will get me unwedged. But if you
really didn't forget anything, try typing `2' now; then
my insertion and my current dilemma will both disappear.


./homework0.tex:431: LaTeX Error: Environment colorboxed undefined.

See the LaTeX manual or LaTeX Companion for explanation.
Type  H <return>  for immediate help.
 ...                                              
                                                  
l.431 \begin{colorboxed}
                        
Your command was ignored.
Type  I <command> <return>  to replace it with another command,
or  <return>  to continue without it.

[8 <./fig3-eps-converted-to.pdf>]

./homework0.tex:477: LaTeX Error: \begin{document} ended by \end{colorboxed}.

See the LaTeX manual or LaTeX Companion for explanation.
Type  H <return>  for immediate help.
 ...                                              
                                                  
l.477 \end{colorboxed}
                      
Your command was ignored.
Type  I <command> <return>  to replace it with another command,
or  <return>  to continue without it.

[9] (./homework0.aux) ) 
Here is how much of TeX's memory you used:
 5376 strings out of 493089
 70084 string characters out of 6134842
 360729 words of memory out of 5000000
 8783 multiletter control sequences out of 15000+600000
 13055 words of font info for 51 fonts, out of 8000000 for 9000
 1141 hyphenation exceptions out of 8191
 37i,20n,51p,348b,1703s stack positions out of 5000i,500n,10000p,200000b,80000s
</usr/local/texlive/2015/texmf-dist/fonts/type1/public/a
msfonts/cm/cmbx12.pfb></usr/local/texlive/2015/texmf-dist/fonts/type1/public/am
sfonts/cm/cmbx8.pfb></usr/local/texlive/2015/texmf-dist/fonts/type1/public/amsf
onts/cm/cmex10.pfb></usr/local/texlive/2015/texmf-dist/fonts/type1/public/amsfo
nts/cm/cmmi12.pfb></usr/local/texlive/2015/texmf-dist/fonts/type1/public/amsfon
ts/cm/cmmi6.pfb></usr/local/texlive/2015/texmf-dist/fonts/type1/public/amsfonts
/cm/cmmi8.pfb></usr/local/texlive/2015/texmf-dist/fonts/type1/public/amsfonts/c
m/cmr12.pfb></usr/local/texlive/2015/texmf-dist/fonts/type1/public/amsfonts/cm/
cmr17.pfb></usr/local/texlive/2015/texmf-dist/fonts/type1/public/amsfonts/cm/cm
r6.pfb></usr/local/texlive/2015/texmf-dist/fonts/type1/public/amsfonts/cm/cmr8.
pfb></usr/local/texlive/2015/texmf-dist/fonts/type1/public/amsfonts/cm/cmsy10.p
fb></usr/local/texlive/2015/texmf-dist/fonts/type1/public/amsfonts/cm/cmsy6.pfb
></usr/local/texlive/2015/texmf-dist/fonts/type1/public/amsfonts/cm/cmsy8.pfb><
/usr/local/texlive/2015/texmf-dist/fonts/type1/public/amsfonts/cm/cmtt12.pfb></
usr/local/texlive/2015/texmf-dist/fonts/type1/public/amsfonts/symbols/msbm10.pf
b>
Output written on homework0.pdf (9 pages, 217223 bytes).
PDF statistics:
 148 PDF objects out of 1000 (max. 8388607)
 85 compressed objects within 1 object stream
 0 named destinations out of 1000 (max. 500000)
 16 words of extra memory for PDF output out of 10000 (max. 10000000)

